[2023-01-30T16:16:38.870+0000] {taskinstance.py:1165} INFO - Dependencies all met for <TaskInstance: user_processing.process_user manual__2023-01-30T16:16:35.082104+00:00 [queued]>
[2023-01-30T16:16:38.877+0000] {taskinstance.py:1165} INFO - Dependencies all met for <TaskInstance: user_processing.process_user manual__2023-01-30T16:16:35.082104+00:00 [queued]>
[2023-01-30T16:16:38.878+0000] {taskinstance.py:1362} INFO - 
--------------------------------------------------------------------------------
[2023-01-30T16:16:38.878+0000] {taskinstance.py:1363} INFO - Starting attempt 1 of 1
[2023-01-30T16:16:38.879+0000] {taskinstance.py:1364} INFO - 
--------------------------------------------------------------------------------
[2023-01-30T16:16:38.887+0000] {taskinstance.py:1383} INFO - Executing <Task(PythonOperator): process_user> on 2023-01-30 16:16:35.082104+00:00
[2023-01-30T16:16:38.892+0000] {standard_task_runner.py:55} INFO - Started process 4183 to run task
[2023-01-30T16:16:38.895+0000] {standard_task_runner.py:82} INFO - Running: ['***', 'tasks', 'run', 'user_processing', 'process_user', 'manual__2023-01-30T16:16:35.082104+00:00', '--job-id', '47', '--raw', '--subdir', 'DAGS_FOLDER/user_processing.py', '--cfg-path', '/tmp/tmps6ee1ass']
[2023-01-30T16:16:38.897+0000] {standard_task_runner.py:83} INFO - Job 47: Subtask process_user
[2023-01-30T16:16:38.936+0000] {task_command.py:376} INFO - Running <TaskInstance: user_processing.process_user manual__2023-01-30T16:16:35.082104+00:00 [running]> on host 3c28126f9714
[2023-01-30T16:16:38.974+0000] {taskinstance.py:1592} INFO - Exporting the following env vars:
AIRFLOW_CTX_DAG_OWNER=***
AIRFLOW_CTX_DAG_ID=user_processing
AIRFLOW_CTX_TASK_ID=process_user
AIRFLOW_CTX_EXECUTION_DATE=2023-01-30T16:16:35.082104+00:00
AIRFLOW_CTX_TRY_NUMBER=1
AIRFLOW_CTX_DAG_RUN_ID=manual__2023-01-30T16:16:35.082104+00:00
[2023-01-30T16:16:38.986+0000] {python.py:177} INFO - Done. Returned value was: None
[2023-01-30T16:16:38.994+0000] {taskinstance.py:1406} INFO - Marking task as SUCCESS. dag_id=user_processing, task_id=process_user, execution_date=20230130T161635, start_date=20230130T161638, end_date=20230130T161638
[2023-01-30T16:16:39.027+0000] {local_task_job.py:164} INFO - Task exited with return code 0
[2023-01-30T16:16:39.043+0000] {local_task_job.py:273} INFO - 1 downstream tasks scheduled from follow-on schedule check
