[2023-01-30T15:49:39.693+0000] {taskinstance.py:1165} INFO - Dependencies all met for <TaskInstance: user_processing.extract_user manual__2023-01-30T15:49:38.448413+00:00 [queued]>
[2023-01-30T15:49:39.703+0000] {taskinstance.py:1165} INFO - Dependencies all met for <TaskInstance: user_processing.extract_user manual__2023-01-30T15:49:38.448413+00:00 [queued]>
[2023-01-30T15:49:39.704+0000] {taskinstance.py:1362} INFO - 
--------------------------------------------------------------------------------
[2023-01-30T15:49:39.706+0000] {taskinstance.py:1363} INFO - Starting attempt 1 of 1
[2023-01-30T15:49:39.708+0000] {taskinstance.py:1364} INFO - 
--------------------------------------------------------------------------------
[2023-01-30T15:49:39.718+0000] {taskinstance.py:1383} INFO - Executing <Task(SimpleHttpOperator): extract_user> on 2023-01-30 15:49:38.448413+00:00
[2023-01-30T15:49:39.725+0000] {standard_task_runner.py:55} INFO - Started process 2762 to run task
[2023-01-30T15:49:39.743+0000] {standard_task_runner.py:82} INFO - Running: ['***', 'tasks', 'run', 'user_processing', 'extract_user', 'manual__2023-01-30T15:49:38.448413+00:00', '--job-id', '15', '--raw', '--subdir', 'DAGS_FOLDER/user_processing.py', '--cfg-path', '/tmp/tmpvxm1sxh0']
[2023-01-30T15:49:39.747+0000] {standard_task_runner.py:83} INFO - Job 15: Subtask extract_user
[2023-01-30T15:49:40.057+0000] {task_command.py:376} INFO - Running <TaskInstance: user_processing.extract_user manual__2023-01-30T15:49:38.448413+00:00 [running]> on host 3c28126f9714
[2023-01-30T15:49:40.292+0000] {taskinstance.py:1592} INFO - Exporting the following env vars:
AIRFLOW_CTX_DAG_OWNER=***
AIRFLOW_CTX_DAG_ID=user_processing
AIRFLOW_CTX_TASK_ID=extract_user
AIRFLOW_CTX_EXECUTION_DATE=2023-01-30T15:49:38.448413+00:00
AIRFLOW_CTX_TRY_NUMBER=1
AIRFLOW_CTX_DAG_RUN_ID=manual__2023-01-30T15:49:38.448413+00:00
[2023-01-30T15:49:40.296+0000] {http.py:121} INFO - Calling HTTP method
[2023-01-30T15:49:40.321+0000] {base.py:71} INFO - Using connection ID 'user_api' for task execution.
[2023-01-30T15:49:40.325+0000] {http.py:148} INFO - Sending 'GET' to url: https://randomuser.me/api/
[2023-01-30T15:49:40.751+0000] {http.py:125} INFO - {"results":[{"gender":"male","name":{"title":"Mr","first":"Valentín","last":"Román"},"location":{"street":{"number":7508,"name":"Avenida del Planetario"},"city":"Fuenlabrada","state":"Cataluña","country":"Spain","postcode":78587,"coordinates":{"latitude":"-30.5196","longitude":"-110.7145"},"timezone":{"offset":"+9:00","description":"Tokyo, Seoul, Osaka, Sapporo, Yakutsk"}},"email":"valentin.roman@example.com","login":{"uuid":"fcdc246c-f909-4ffc-8db8-a6b53df8abb5","username":"sadlion674","password":"southpar","salt":"7KbM89Wr","md5":"40cafda4d7e62a22984b5c1fefb6c04f","sha1":"592d70024ccb32d4f7de24c7e7ed34cc354d551c","sha256":"37eec994a2d4c51367fa8078aacff576c67e8a73115208ed9706e6f8feb23c36"},"dob":{"date":"1966-10-11T12:31:47.716Z","age":56},"registered":{"date":"2017-01-05T20:08:34.114Z","age":6},"phone":"928-956-763","cell":"646-419-424","id":{"name":"DNI","value":"55916587-F"},"picture":{"large":"https://randomuser.me/api/portraits/men/32.jpg","medium":"https://randomuser.me/api/portraits/med/men/32.jpg","thumbnail":"https://randomuser.me/api/portraits/thumb/men/32.jpg"},"nat":"ES"}],"info":{"seed":"64db747be0934a37","results":1,"page":1,"version":"1.4"}}
[2023-01-30T15:49:40.783+0000] {taskinstance.py:1406} INFO - Marking task as SUCCESS. dag_id=user_processing, task_id=extract_user, execution_date=20230130T154938, start_date=20230130T154939, end_date=20230130T154940
[2023-01-30T15:49:40.852+0000] {local_task_job.py:164} INFO - Task exited with return code 0
[2023-01-30T15:49:40.880+0000] {local_task_job.py:273} INFO - 0 downstream tasks scheduled from follow-on schedule check
