[2023-01-30T16:06:56.370+0000] {taskinstance.py:1165} INFO - Dependencies all met for <TaskInstance: user_processing.extract_user manual__2023-01-30T16:06:54.413212+00:00 [queued]>
[2023-01-30T16:06:56.399+0000] {taskinstance.py:1165} INFO - Dependencies all met for <TaskInstance: user_processing.extract_user manual__2023-01-30T16:06:54.413212+00:00 [queued]>
[2023-01-30T16:06:56.401+0000] {taskinstance.py:1362} INFO - 
--------------------------------------------------------------------------------
[2023-01-30T16:06:56.403+0000] {taskinstance.py:1363} INFO - Starting attempt 1 of 1
[2023-01-30T16:06:56.404+0000] {taskinstance.py:1364} INFO - 
--------------------------------------------------------------------------------
[2023-01-30T16:06:56.445+0000] {taskinstance.py:1383} INFO - Executing <Task(SimpleHttpOperator): extract_user> on 2023-01-30 16:06:54.413212+00:00
[2023-01-30T16:06:56.460+0000] {standard_task_runner.py:55} INFO - Started process 3638 to run task
[2023-01-30T16:06:56.492+0000] {standard_task_runner.py:82} INFO - Running: ['***', 'tasks', 'run', 'user_processing', 'extract_user', 'manual__2023-01-30T16:06:54.413212+00:00', '--job-id', '22', '--raw', '--subdir', 'DAGS_FOLDER/user_processing.py', '--cfg-path', '/tmp/tmpf2w2ltcj']
[2023-01-30T16:06:56.509+0000] {standard_task_runner.py:83} INFO - Job 22: Subtask extract_user
[2023-01-30T16:06:56.728+0000] {task_command.py:376} INFO - Running <TaskInstance: user_processing.extract_user manual__2023-01-30T16:06:54.413212+00:00 [running]> on host 3c28126f9714
[2023-01-30T16:06:56.829+0000] {taskinstance.py:1592} INFO - Exporting the following env vars:
AIRFLOW_CTX_DAG_OWNER=***
AIRFLOW_CTX_DAG_ID=user_processing
AIRFLOW_CTX_TASK_ID=extract_user
AIRFLOW_CTX_EXECUTION_DATE=2023-01-30T16:06:54.413212+00:00
AIRFLOW_CTX_TRY_NUMBER=1
AIRFLOW_CTX_DAG_RUN_ID=manual__2023-01-30T16:06:54.413212+00:00
[2023-01-30T16:06:56.833+0000] {http.py:121} INFO - Calling HTTP method
[2023-01-30T16:06:56.846+0000] {base.py:71} INFO - Using connection ID 'user_api' for task execution.
[2023-01-30T16:06:56.850+0000] {http.py:148} INFO - Sending 'GET' to url: https://randomuser.me/api/
[2023-01-30T16:06:57.149+0000] {http.py:125} INFO - {"results":[{"gender":"female","name":{"title":"Ms","first":"Vibha","last":"Pujari"},"location":{"street":{"number":5162,"name":"Dwaraka Nagar"},"city":"Bharatpur","state":"Jharkhand","country":"India","postcode":18373,"coordinates":{"latitude":"10.4128","longitude":"50.3980"},"timezone":{"offset":"-10:00","description":"Hawaii"}},"email":"vibha.pujari@example.com","login":{"uuid":"fbf18427-1def-4890-bac7-8c34b492ae0f","username":"lazylion822","password":"rugby","salt":"Y67IJbEQ","md5":"a8e87d23c81f7f871be113d73303dab5","sha1":"db627592100bf239800f7009a430eb903be750cc","sha256":"4629169f263fafde570431784534d3430b4aa66d64b172837f184b162f2f2802"},"dob":{"date":"1957-01-06T21:27:25.631Z","age":66},"registered":{"date":"2007-10-01T00:12:59.608Z","age":15},"phone":"7516909295","cell":"8068534604","id":{"name":"UIDAI","value":"322676649246"},"picture":{"large":"https://randomuser.me/api/portraits/women/67.jpg","medium":"https://randomuser.me/api/portraits/med/women/67.jpg","thumbnail":"https://randomuser.me/api/portraits/thumb/women/67.jpg"},"nat":"IN"}],"info":{"seed":"4122d9efdcea5035","results":1,"page":1,"version":"1.4"}}
[2023-01-30T16:06:57.177+0000] {taskinstance.py:1406} INFO - Marking task as SUCCESS. dag_id=user_processing, task_id=extract_user, execution_date=20230130T160654, start_date=20230130T160656, end_date=20230130T160657
[2023-01-30T16:06:57.214+0000] {local_task_job.py:164} INFO - Task exited with return code 0
[2023-01-30T16:06:57.239+0000] {local_task_job.py:273} INFO - 0 downstream tasks scheduled from follow-on schedule check
