[2023-01-30T16:08:13.429+0000] {taskinstance.py:1165} INFO - Dependencies all met for <TaskInstance: user_processing.extract_user manual__2023-01-30T16:08:11.350676+00:00 [queued]>
[2023-01-30T16:08:13.438+0000] {taskinstance.py:1165} INFO - Dependencies all met for <TaskInstance: user_processing.extract_user manual__2023-01-30T16:08:11.350676+00:00 [queued]>
[2023-01-30T16:08:13.439+0000] {taskinstance.py:1362} INFO - 
--------------------------------------------------------------------------------
[2023-01-30T16:08:13.440+0000] {taskinstance.py:1363} INFO - Starting attempt 1 of 1
[2023-01-30T16:08:13.442+0000] {taskinstance.py:1364} INFO - 
--------------------------------------------------------------------------------
[2023-01-30T16:08:13.454+0000] {taskinstance.py:1383} INFO - Executing <Task(SimpleHttpOperator): extract_user> on 2023-01-30 16:08:11.350676+00:00
[2023-01-30T16:08:13.473+0000] {standard_task_runner.py:55} INFO - Started process 3716 to run task
[2023-01-30T16:08:13.488+0000] {standard_task_runner.py:82} INFO - Running: ['***', 'tasks', 'run', 'user_processing', 'extract_user', 'manual__2023-01-30T16:08:11.350676+00:00', '--job-id', '28', '--raw', '--subdir', 'DAGS_FOLDER/user_processing.py', '--cfg-path', '/tmp/tmpcynrmag1']
[2023-01-30T16:08:13.500+0000] {standard_task_runner.py:83} INFO - Job 28: Subtask extract_user
[2023-01-30T16:08:13.574+0000] {task_command.py:376} INFO - Running <TaskInstance: user_processing.extract_user manual__2023-01-30T16:08:11.350676+00:00 [running]> on host 3c28126f9714
[2023-01-30T16:08:13.644+0000] {taskinstance.py:1592} INFO - Exporting the following env vars:
AIRFLOW_CTX_DAG_OWNER=***
AIRFLOW_CTX_DAG_ID=user_processing
AIRFLOW_CTX_TASK_ID=extract_user
AIRFLOW_CTX_EXECUTION_DATE=2023-01-30T16:08:11.350676+00:00
AIRFLOW_CTX_TRY_NUMBER=1
AIRFLOW_CTX_DAG_RUN_ID=manual__2023-01-30T16:08:11.350676+00:00
[2023-01-30T16:08:13.646+0000] {http.py:121} INFO - Calling HTTP method
[2023-01-30T16:08:13.653+0000] {base.py:71} INFO - Using connection ID 'user_api' for task execution.
[2023-01-30T16:08:13.656+0000] {http.py:148} INFO - Sending 'GET' to url: https://randomuser.me/api/
[2023-01-30T16:08:13.968+0000] {http.py:125} INFO - {"results":[{"gender":"female","name":{"title":"Madame","first":"Catarina","last":"Roger"},"location":{"street":{"number":1147,"name":"Rue Denfert-Rochereau"},"city":"Mumpf","state":"Basel-Stadt","country":"Switzerland","postcode":8752,"coordinates":{"latitude":"-62.9381","longitude":"93.2730"},"timezone":{"offset":"+7:00","description":"Bangkok, Hanoi, Jakarta"}},"email":"catarina.roger@example.com","login":{"uuid":"2edc1a92-c1a1-4ee2-ac5a-cc137dd9e622","username":"purplesnake792","password":"fields","salt":"fNh53lyU","md5":"fb0c215bf956336d73fb3495b76ce566","sha1":"bda481294dab63504e66e1af612ee0ee9bf1c91c","sha256":"6031729cf7f965ed72ec83eec20986c1f0d13b4f1ae67c2740a637f32a32c1c5"},"dob":{"date":"1948-07-08T07:18:34.201Z","age":74},"registered":{"date":"2006-04-03T15:03:56.534Z","age":16},"phone":"078 841 19 31","cell":"075 393 59 28","id":{"name":"AVS","value":"756.3463.4811.19"},"picture":{"large":"https://randomuser.me/api/portraits/women/43.jpg","medium":"https://randomuser.me/api/portraits/med/women/43.jpg","thumbnail":"https://randomuser.me/api/portraits/thumb/women/43.jpg"},"nat":"CH"}],"info":{"seed":"4d44fd2e9203d2b6","results":1,"page":1,"version":"1.4"}}
[2023-01-30T16:08:14.030+0000] {taskinstance.py:1406} INFO - Marking task as SUCCESS. dag_id=user_processing, task_id=extract_user, execution_date=20230130T160811, start_date=20230130T160813, end_date=20230130T160814
[2023-01-30T16:08:14.105+0000] {local_task_job.py:164} INFO - Task exited with return code 0
[2023-01-30T16:08:14.121+0000] {local_task_job.py:273} INFO - 0 downstream tasks scheduled from follow-on schedule check
