[2023-01-30T16:16:37.930+0000] {taskinstance.py:1165} INFO - Dependencies all met for <TaskInstance: user_processing.extract_user manual__2023-01-30T16:16:35.082104+00:00 [queued]>
[2023-01-30T16:16:37.937+0000] {taskinstance.py:1165} INFO - Dependencies all met for <TaskInstance: user_processing.extract_user manual__2023-01-30T16:16:35.082104+00:00 [queued]>
[2023-01-30T16:16:37.938+0000] {taskinstance.py:1362} INFO - 
--------------------------------------------------------------------------------
[2023-01-30T16:16:37.939+0000] {taskinstance.py:1363} INFO - Starting attempt 1 of 1
[2023-01-30T16:16:37.941+0000] {taskinstance.py:1364} INFO - 
--------------------------------------------------------------------------------
[2023-01-30T16:16:37.948+0000] {taskinstance.py:1383} INFO - Executing <Task(SimpleHttpOperator): extract_user> on 2023-01-30 16:16:35.082104+00:00
[2023-01-30T16:16:37.953+0000] {standard_task_runner.py:55} INFO - Started process 4180 to run task
[2023-01-30T16:16:37.956+0000] {standard_task_runner.py:82} INFO - Running: ['***', 'tasks', 'run', 'user_processing', 'extract_user', 'manual__2023-01-30T16:16:35.082104+00:00', '--job-id', '46', '--raw', '--subdir', 'DAGS_FOLDER/user_processing.py', '--cfg-path', '/tmp/tmp53fyon72']
[2023-01-30T16:16:37.958+0000] {standard_task_runner.py:83} INFO - Job 46: Subtask extract_user
[2023-01-30T16:16:37.999+0000] {task_command.py:376} INFO - Running <TaskInstance: user_processing.extract_user manual__2023-01-30T16:16:35.082104+00:00 [running]> on host 3c28126f9714
[2023-01-30T16:16:38.036+0000] {taskinstance.py:1592} INFO - Exporting the following env vars:
AIRFLOW_CTX_DAG_OWNER=***
AIRFLOW_CTX_DAG_ID=user_processing
AIRFLOW_CTX_TASK_ID=extract_user
AIRFLOW_CTX_EXECUTION_DATE=2023-01-30T16:16:35.082104+00:00
AIRFLOW_CTX_TRY_NUMBER=1
AIRFLOW_CTX_DAG_RUN_ID=manual__2023-01-30T16:16:35.082104+00:00
[2023-01-30T16:16:38.038+0000] {http.py:121} INFO - Calling HTTP method
[2023-01-30T16:16:38.044+0000] {base.py:71} INFO - Using connection ID 'user_api' for task execution.
[2023-01-30T16:16:38.046+0000] {http.py:148} INFO - Sending 'GET' to url: https://randomuser.me/api/
[2023-01-30T16:16:38.378+0000] {http.py:125} INFO - {"results":[{"gender":"male","name":{"title":"Mr","first":"Beau","last":"Wilson"},"location":{"street":{"number":2195,"name":"Dyers Road"},"city":"Tauranga","state":"Southland","country":"New Zealand","postcode":94913,"coordinates":{"latitude":"49.5618","longitude":"-126.3630"},"timezone":{"offset":"+7:00","description":"Bangkok, Hanoi, Jakarta"}},"email":"beau.wilson@example.com","login":{"uuid":"2ed33caf-349a-43c7-b58d-37204d907cbf","username":"lazyswan285","password":"flower1","salt":"oqKPnUD7","md5":"1567180d6ab117f11f7441e9169d6173","sha1":"25a5b30cc903e2666820687b14c1b2b2d985f2c2","sha256":"66886dbfdc5a48fa3046826e21e3131a3b5a1f4009684b6e386cb9cac2311112"},"dob":{"date":"1970-10-22T19:16:01.585Z","age":52},"registered":{"date":"2005-05-20T10:08:27.028Z","age":17},"phone":"(285)-048-7965","cell":"(495)-318-6121","id":{"name":"","value":null},"picture":{"large":"https://randomuser.me/api/portraits/men/0.jpg","medium":"https://randomuser.me/api/portraits/med/men/0.jpg","thumbnail":"https://randomuser.me/api/portraits/thumb/men/0.jpg"},"nat":"NZ"}],"info":{"seed":"8d8cf1d6ca1f6a30","results":1,"page":1,"version":"1.4"}}
[2023-01-30T16:16:38.396+0000] {taskinstance.py:1406} INFO - Marking task as SUCCESS. dag_id=user_processing, task_id=extract_user, execution_date=20230130T161635, start_date=20230130T161637, end_date=20230130T161638
[2023-01-30T16:16:38.419+0000] {local_task_job.py:164} INFO - Task exited with return code 0
[2023-01-30T16:16:38.439+0000] {local_task_job.py:273} INFO - 1 downstream tasks scheduled from follow-on schedule check
