[2023-01-30T15:26:25.457+0000] {taskinstance.py:1165} INFO - Dependencies all met for <TaskInstance: user_processing.extract_user scheduled__2023-01-29T00:00:00+00:00 [queued]>
[2023-01-30T15:26:25.494+0000] {taskinstance.py:1165} INFO - Dependencies all met for <TaskInstance: user_processing.extract_user scheduled__2023-01-29T00:00:00+00:00 [queued]>
[2023-01-30T15:26:25.503+0000] {taskinstance.py:1362} INFO - 
--------------------------------------------------------------------------------
[2023-01-30T15:26:25.504+0000] {taskinstance.py:1363} INFO - Starting attempt 1 of 1
[2023-01-30T15:26:25.505+0000] {taskinstance.py:1364} INFO - 
--------------------------------------------------------------------------------
[2023-01-30T15:26:25.544+0000] {taskinstance.py:1383} INFO - Executing <Task(SimpleHttpOperator): extract_user> on 2023-01-29 00:00:00+00:00
[2023-01-30T15:26:25.557+0000] {standard_task_runner.py:55} INFO - Started process 1583 to run task
[2023-01-30T15:26:25.584+0000] {standard_task_runner.py:82} INFO - Running: ['***', 'tasks', 'run', 'user_processing', 'extract_user', 'scheduled__2023-01-29T00:00:00+00:00', '--job-id', '12', '--raw', '--subdir', 'DAGS_FOLDER/user_processing.py', '--cfg-path', '/tmp/tmp731ftwsq']
[2023-01-30T15:26:25.594+0000] {standard_task_runner.py:83} INFO - Job 12: Subtask extract_user
[2023-01-30T15:26:25.806+0000] {task_command.py:376} INFO - Running <TaskInstance: user_processing.extract_user scheduled__2023-01-29T00:00:00+00:00 [running]> on host 3c28126f9714
[2023-01-30T15:26:25.979+0000] {taskinstance.py:1592} INFO - Exporting the following env vars:
AIRFLOW_CTX_DAG_OWNER=***
AIRFLOW_CTX_DAG_ID=user_processing
AIRFLOW_CTX_TASK_ID=extract_user
AIRFLOW_CTX_EXECUTION_DATE=2023-01-29T00:00:00+00:00
AIRFLOW_CTX_TRY_NUMBER=1
AIRFLOW_CTX_DAG_RUN_ID=scheduled__2023-01-29T00:00:00+00:00
[2023-01-30T15:26:25.995+0000] {http.py:121} INFO - Calling HTTP method
[2023-01-30T15:26:26.070+0000] {base.py:71} INFO - Using connection ID 'user_api' for task execution.
[2023-01-30T15:26:26.081+0000] {http.py:148} INFO - Sending 'GET' to url: https://randomuser.me/api/
[2023-01-30T15:26:26.440+0000] {http.py:125} INFO - {"results":[{"gender":"female","name":{"title":"Ms","first":"Ella","last":"Kangas"},"location":{"street":{"number":1849,"name":"Aleksanterinkatu"},"city":"Loppi","state":"North Karelia","country":"Finland","postcode":18577,"coordinates":{"latitude":"-24.8925","longitude":"160.5099"},"timezone":{"offset":"+4:30","description":"Kabul"}},"email":"ella.kangas@example.com","login":{"uuid":"14fa2075-1418-4a00-8d75-c8a3e18163df","username":"goldensnake563","password":"hotdog","salt":"sfGOcbr1","md5":"48ad5999f91272b07407f88c4ad35a45","sha1":"c5153d1f16f12f87ac6fa27a53c7705ba4e35efa","sha256":"84632344537dff1be4e98070673ded44ebac5ab4650067e0ed84a34caa20849b"},"dob":{"date":"1981-02-16T05:55:50.591Z","age":41},"registered":{"date":"2007-02-05T00:47:30.508Z","age":15},"phone":"02-513-289","cell":"042-480-52-68","id":{"name":"HETU","value":"NaNNA458undefined"},"picture":{"large":"https://randomuser.me/api/portraits/women/87.jpg","medium":"https://randomuser.me/api/portraits/med/women/87.jpg","thumbnail":"https://randomuser.me/api/portraits/thumb/women/87.jpg"},"nat":"FI"}],"info":{"seed":"792bd487a43bf125","results":1,"page":1,"version":"1.4"}}
[2023-01-30T15:26:26.474+0000] {taskinstance.py:1406} INFO - Marking task as SUCCESS. dag_id=user_processing, task_id=extract_user, execution_date=20230129T000000, start_date=20230130T152625, end_date=20230130T152626
[2023-01-30T15:26:26.535+0000] {local_task_job.py:164} INFO - Task exited with return code 0
[2023-01-30T15:26:26.573+0000] {local_task_job.py:273} INFO - 0 downstream tasks scheduled from follow-on schedule check
[2023-01-30T16:12:15.105+0000] {taskinstance.py:1165} INFO - Dependencies all met for <TaskInstance: user_processing.extract_user scheduled__2023-01-29T00:00:00+00:00 [queued]>
[2023-01-30T16:12:15.119+0000] {taskinstance.py:1165} INFO - Dependencies all met for <TaskInstance: user_processing.extract_user scheduled__2023-01-29T00:00:00+00:00 [queued]>
[2023-01-30T16:12:15.121+0000] {taskinstance.py:1362} INFO - 
--------------------------------------------------------------------------------
[2023-01-30T16:12:15.123+0000] {taskinstance.py:1363} INFO - Starting attempt 1 of 1
[2023-01-30T16:12:15.124+0000] {taskinstance.py:1364} INFO - 
--------------------------------------------------------------------------------
[2023-01-30T16:12:15.135+0000] {taskinstance.py:1383} INFO - Executing <Task(SimpleHttpOperator): extract_user> on 2023-01-29 00:00:00+00:00
[2023-01-30T16:12:15.145+0000] {standard_task_runner.py:55} INFO - Started process 3940 to run task
[2023-01-30T16:12:15.173+0000] {standard_task_runner.py:82} INFO - Running: ['***', 'tasks', 'run', 'user_processing', 'extract_user', 'scheduled__2023-01-29T00:00:00+00:00', '--job-id', '35', '--raw', '--subdir', 'DAGS_FOLDER/user_processing.py', '--cfg-path', '/tmp/tmpntvo1p67']
[2023-01-30T16:12:15.178+0000] {standard_task_runner.py:83} INFO - Job 35: Subtask extract_user
[2023-01-30T16:12:15.314+0000] {task_command.py:376} INFO - Running <TaskInstance: user_processing.extract_user scheduled__2023-01-29T00:00:00+00:00 [running]> on host 3c28126f9714
[2023-01-30T16:12:15.399+0000] {taskinstance.py:1592} INFO - Exporting the following env vars:
AIRFLOW_CTX_DAG_OWNER=***
AIRFLOW_CTX_DAG_ID=user_processing
AIRFLOW_CTX_TASK_ID=extract_user
AIRFLOW_CTX_EXECUTION_DATE=2023-01-29T00:00:00+00:00
AIRFLOW_CTX_TRY_NUMBER=1
AIRFLOW_CTX_DAG_RUN_ID=scheduled__2023-01-29T00:00:00+00:00
[2023-01-30T16:12:15.401+0000] {http.py:121} INFO - Calling HTTP method
[2023-01-30T16:12:15.411+0000] {base.py:71} INFO - Using connection ID 'user_api' for task execution.
[2023-01-30T16:12:15.415+0000] {http.py:148} INFO - Sending 'GET' to url: https://randomuser.me/api/
[2023-01-30T16:12:15.797+0000] {http.py:125} INFO - {"results":[{"gender":"male","name":{"title":"Mr","first":"پوریا","last":"موسوی"},"location":{"street":{"number":5600,"name":"دکتر مفتح"},"city":"همدان","state":"خراسان شمالی","country":"Iran","postcode":10468,"coordinates":{"latitude":"18.5095","longitude":"-29.6725"},"timezone":{"offset":"0:00","description":"Western Europe Time, London, Lisbon, Casablanca"}},"email":"pwry.mwswy@example.com","login":{"uuid":"fa784d50-1477-4002-a795-f9b290e81fe7","username":"organicfrog990","password":"julie1","salt":"erBCabkz","md5":"aa66a51e4e7085a1909f77a52b82491f","sha1":"aa7e4fc7eeffe4308cbac994061a0b1e96cf7230","sha256":"fe28d0bb73cfec8b767597cda00c46a48292bde0925da84dc61582da5936fc9a"},"dob":{"date":"1978-05-28T06:20:02.008Z","age":44},"registered":{"date":"2016-08-14T22:57:01.158Z","age":6},"phone":"050-95198407","cell":"0955-813-8751","id":{"name":"","value":null},"picture":{"large":"https://randomuser.me/api/portraits/men/14.jpg","medium":"https://randomuser.me/api/portraits/med/men/14.jpg","thumbnail":"https://randomuser.me/api/portraits/thumb/men/14.jpg"},"nat":"IR"}],"info":{"seed":"4b5f465b50809c90","results":1,"page":1,"version":"1.4"}}
[2023-01-30T16:12:15.889+0000] {taskinstance.py:1406} INFO - Marking task as SUCCESS. dag_id=user_processing, task_id=extract_user, execution_date=20230129T000000, start_date=20230130T161215, end_date=20230130T161215
[2023-01-30T16:12:15.941+0000] {local_task_job.py:164} INFO - Task exited with return code 0
[2023-01-30T16:12:16.052+0000] {local_task_job.py:273} INFO - 0 downstream tasks scheduled from follow-on schedule check
